<?xml version="1.0" encoding="UTF-8"?>
<coverage generated="1583392573707" clover="3.2.0">
  <project timestamp="1583392573707" name="All files">
    <metrics statements="8" coveredstatements="7" conditionals="6" coveredconditionals="5" methods="3" coveredmethods="3" elements="17" coveredelements="15" complexity="0" loc="8" ncloc="8" packages="1" files="3" classes="3"/>
    <file name="index.ts" path="/Users/pewww/Desktop/ts-jest-test-place/index.ts">
      <metrics statements="1" coveredstatements="1" conditionals="0" coveredconditionals="0" methods="1" coveredmethods="1"/>
      <line num="2" count="1" type="stmt"/>
    </file>
    <file name="multiply.ts" path="/Users/pewww/Desktop/ts-jest-test-place/multiply.ts">
      <metrics statements="3" coveredstatements="3" conditionals="4" coveredconditionals="4" methods="1" coveredmethods="1"/>
      <line num="2" count="3" type="cond" truecount="4" falsecount="0"/>
      <line num="3" count="1" type="stmt"/>
      <line num="6" count="2" type="stmt"/>
    </file>
    <file name="push.ts" path="/Users/pewww/Desktop/ts-jest-test-place/push.ts">
      <metrics statements="4" coveredstatements="3" conditionals="2" coveredconditionals="1" methods="1" coveredmethods="1"/>
      <line num="2" count="1" type="cond" truecount="1" falsecount="1"/>
      <line num="3" count="0" type="stmt"/>
      <line num="6" count="1" type="stmt"/>
      <line num="7" count="1" type="stmt"/>
    </file>
  </project>
</coverage>
