{"D:\\work\\ts-jest-test-place\\source\\autoComplete.ts": {"path":"D:\\work\\ts-jest-test-place\\source\\autoComplete.ts","statementMap":{"0":{"start":{"line":3,"column":21},"end":{"line":3,"column":22}},"1":{"start":{"line":4,"column":15},"end":{"line":4,"column":34}},"2":{"start":{"line":5,"column":15},"end":{"line":5,"column":26}},"3":{"start":{"line":6,"column":13},"end":{"line":6,"column":24}},"4":{"start":{"line":7,"column":12},"end":{"line":7,"column":21}},"5":{"start":{"line":8,"column":13},"end":{"line":8,"column":20}},"6":{"start":{"line":9,"column":14},"end":{"line":9,"column":22}},"7":{"start":{"line":11,"column":26},"end":{"line":11,"column":44}},"8":{"start":{"line":13,"column":31},"end":{"line":19,"column":1}},"9":{"start":{"line":14,"column":2},"end":{"line":16,"column":3}},"10":{"start":{"line":15,"column":4},"end":{"line":15,"column":16}},"11":{"start":{"line":18,"column":2},"end":{"line":18,"column":50}},"12":{"start":{"line":21,"column":31},"end":{"line":22,"column":53}},"13":{"start":{"line":22,"column":2},"end":{"line":22,"column":53}},"14":{"start":{"line":24,"column":33},"end":{"line":24,"column":72}},"15":{"start":{"line":24,"column":39},"end":{"line":24,"column":72}}},"fnMap":{"0":{"name":"(anonymous_0)","decl":{"start":{"line":13,"column":31},"end":{"line":13,"column":32}},"loc":{"start":{"line":13,"column":49},"end":{"line":19,"column":1}},"line":13},"1":{"name":"(anonymous_1)","decl":{"start":{"line":21,"column":31},"end":{"line":21,"column":32}},"loc":{"start":{"line":22,"column":2},"end":{"line":22,"column":53}},"line":22},"2":{"name":"(anonymous_2)","decl":{"start":{"line":24,"column":33},"end":{"line":24,"column":34}},"loc":{"start":{"line":24,"column":39},"end":{"line":24,"column":72}},"line":24}},"branchMap":{"0":{"loc":{"start":{"line":14,"column":2},"end":{"line":16,"column":3}},"type":"if","locations":[{"start":{"line":14,"column":2},"end":{"line":16,"column":3}},{"start":{"line":14,"column":2},"end":{"line":16,"column":3}}],"line":14}},"s":{"0":1,"1":1,"2":1,"3":1,"4":1,"5":1,"6":1,"7":1,"8":1,"9":3,"10":1,"11":2,"12":1,"13":5,"14":1,"15":1},"f":{"0":3,"1":5,"2":1},"b":{"0":[1,2]},"_coverageSchema":"1a1c01bbd47fc00a2c39e90264f33305004495a9","hash":"b985e561e21fd532dde33878c95e58468feb8d5a"}
}
